WebViewConn/Library/Bee/Android/Prj/Mono2x/Gradle/unityLibrary/build/intermediates/manifest_merge_blame_file/release/manifest-merger-blame-release-report.txt
1<?xml version="1.0" encoding="utf-8"?>
2<manifest xmlns:android="http://schemas.android.com/apk/res/android"
3    xmlns:tools="http://schemas.android.com/tools"
4    package="com.unity3d.player"
5    android:versionCode="1"
6    android:versionName="1.0" >
7
8    <uses-sdk
9        android:minSdkVersion="22"
9-->src\main\AndroidManifest.xml
10        android:targetSdkVersion="32" />
10-->src\main\AndroidManifest.xml
11
12    <uses-permission android:name="android.permission.INTERNET" />
12-->src\main\AndroidManifest.xml:3:3-65
12-->src\main\AndroidManifest.xml:3:20-62
13
14    <uses-feature android:glEsVersion="0x00030000" />
14-->src\main\AndroidManifest.xml:4:3-52
14-->src\main\AndroidManifest.xml:4:17-49
15    <uses-feature
15-->src\main\AndroidManifest.xml:5:3-91
16        android:name="android.hardware.vulkan.version"
16-->src\main\AndroidManifest.xml:5:17-63
17        android:required="false" />
17-->src\main\AndroidManifest.xml:5:64-88
18    <uses-feature
18-->src\main\AndroidManifest.xml:6:3-88
19        android:name="android.hardware.touchscreen"
19-->src\main\AndroidManifest.xml:6:17-60
20        android:required="false" />
20-->src\main\AndroidManifest.xml:6:61-85
21    <uses-feature
21-->src\main\AndroidManifest.xml:7:3-99
22        android:name="android.hardware.touchscreen.multitouch"
22-->src\main\AndroidManifest.xml:7:17-71
23        android:required="false" />
23-->src\main\AndroidManifest.xml:7:72-96
24    <uses-feature
24-->src\main\AndroidManifest.xml:8:3-108
25        android:name="android.hardware.touchscreen.multitouch.distinct"
25-->src\main\AndroidManifest.xml:8:17-80
26        android:required="false" />
26-->src\main\AndroidManifest.xml:8:81-105
27
28    <application
28-->src\main\AndroidManifest.xml:9:3-25:17
29        android:extractNativeLibs="true"
29-->src\main\AndroidManifest.xml:9:81-113
30        android:icon="@mipmap/app_icon"
30-->src\main\AndroidManifest.xml:9:49-80
31        android:label="@string/app_name" >
31-->src\main\AndroidManifest.xml:9:16-48
32        <service
32-->src\main\AndroidManifest.xml:10:5-167
33            android:name="com.google.firebase.messaging.MessageForwardingService"
33-->src\main\AndroidManifest.xml:10:14-83
34            android:exported="true"
34-->src\main\AndroidManifest.xml:10:141-164
35            android:permission="android.permission.BIND_JOB_SERVICE" />
35-->src\main\AndroidManifest.xml:10:84-140
36
37        <meta-data
37-->src\main\AndroidManifest.xml:11:5-69
38            android:name="unity.splash-mode"
38-->src\main\AndroidManifest.xml:11:16-48
39            android:value="0" />
39-->src\main\AndroidManifest.xml:11:49-66
40        <meta-data
40-->src\main\AndroidManifest.xml:12:5-74
41            android:name="unity.splash-enable"
41-->src\main\AndroidManifest.xml:12:16-50
42            android:value="True" />
42-->src\main\AndroidManifest.xml:12:51-71
43        <meta-data
43-->src\main\AndroidManifest.xml:13:5-78
44            android:name="unity.launch-fullscreen"
44-->src\main\AndroidManifest.xml:13:16-54
45            android:value="True" />
45-->src\main\AndroidManifest.xml:13:55-75
46        <meta-data
46-->src\main\AndroidManifest.xml:14:5-84
47            android:name="unity.allow-resizable-window"
47-->src\main\AndroidManifest.xml:14:16-59
48            android:value="False" />
48-->src\main\AndroidManifest.xml:14:60-81
49        <meta-data
49-->src\main\AndroidManifest.xml:15:5-81
50            android:name="notch.config"
50-->src\main\AndroidManifest.xml:15:16-43
51            android:value="portrait|landscape" />
51-->src\main\AndroidManifest.xml:15:44-78
52        <meta-data
52-->src\main\AndroidManifest.xml:16:5-84
53            android:name="unity.auto-report-fully-drawn"
53-->src\main\AndroidManifest.xml:16:16-60
54            android:value="true" />
54-->src\main\AndroidManifest.xml:16:61-81
55
56        <activity
56-->src\main\AndroidManifest.xml:17:5-24:16
57            android:name="com.google.firebase.MessagingUnityPlayerActivity"
57-->src\main\AndroidManifest.xml:17:15-78
58            android:configChanges="mcc|mnc|locale|touchscreen|keyboard|keyboardHidden|navigation|orientation|screenLayout|uiMode|screenSize|smallestScreenSize|fontScale|layoutDirection|density"
58-->src\main\AndroidManifest.xml:17:79-260
59            android:exported="true"
59-->src\main\AndroidManifest.xml:17:401-424
60            android:hardwareAccelerated="false"
60-->src\main\AndroidManifest.xml:17:365-400
61            android:launchMode="singleTask"
61-->src\main\AndroidManifest.xml:17:298-329
62            android:resizeableActivity="false"
62-->src\main\AndroidManifest.xml:17:330-364
63            android:screenOrientation="fullUser" >
63-->src\main\AndroidManifest.xml:17:261-297
64            <intent-filter>
64-->src\main\AndroidManifest.xml:18:7-21:23
65                <category android:name="android.intent.category.LAUNCHER" />
65-->src\main\AndroidManifest.xml:19:9-69
65-->src\main\AndroidManifest.xml:19:19-66
66
67                <action android:name="android.intent.action.MAIN" />
67-->src\main\AndroidManifest.xml:20:9-61
67-->src\main\AndroidManifest.xml:20:17-58
68            </intent-filter>
69
70            <meta-data
70-->src\main\AndroidManifest.xml:22:7-82
71                android:name="unityplayer.UnityActivity"
71-->src\main\AndroidManifest.xml:22:18-58
72                android:value="true" />
72-->src\main\AndroidManifest.xml:22:59-79
73            <meta-data
73-->src\main\AndroidManifest.xml:23:7-70
74                android:name="notch_support"
74-->src\main\AndroidManifest.xml:23:18-46
75                android:value="true" />
75-->src\main\AndroidManifest.xml:23:47-67
76        </activity>
77    </application>
78
79</manifest>